<?xml version="1.0" encoding="UTF-8"?>
<testng-results skipped="0" failed="0" ignored="0" total="2" passed="2">
  <reporter-output>
  </reporter-output>
  <suite name="Surefire suite" duration-ms="98" started-at="2020-09-08T20:12:40 IST" finished-at="2020-09-08T20:12:40 IST">
    <groups>
    </groups>
    <test name="Surefire test" duration-ms="98" started-at="2020-09-08T20:12:40 IST" finished-at="2020-09-08T20:12:40 IST">
      <class name="mavenNewpkg.MavenNewPro.DemoTest">
        <test-method status="PASS" signature="sub()[pri:0, instance:mavenNewpkg.MavenNewPro.DemoTest@1ce92674]" name="sub" duration-ms="15" started-at="2020-09-08T20:12:40 IST" finished-at="2020-09-08T20:12:40 IST">
          <reporter-output>
          </reporter-output>
        </test-method> <!-- sub -->
        <test-method status="PASS" signature="sum()[pri:0, instance:mavenNewpkg.MavenNewPro.DemoTest@1ce92674]" name="sum" duration-ms="1" started-at="2020-09-08T20:12:40 IST" finished-at="2020-09-08T20:12:40 IST">
          <reporter-output>
          </reporter-output>
        </test-method> <!-- sum -->
      </class> <!-- mavenNewpkg.MavenNewPro.DemoTest -->
    </test> <!-- Surefire test -->
  </suite> <!-- Surefire suite -->
</testng-results>
