<?xml version="1.0" encoding="UTF-8"?>
<testng-results skipped="0" failed="0" ignored="1" total="2" passed="1">
  <reporter-output>
  </reporter-output>
  <suite name="Default suite" duration-ms="381" started-at="2020-09-09T11:03:07 IST" finished-at="2020-09-09T11:03:07 IST">
    <groups>
    </groups>
    <test name="Default test" duration-ms="381" started-at="2020-09-09T11:03:07 IST" finished-at="2020-09-09T11:03:07 IST">
      <class name="mavenNewpkg.MavenNewPro.DemoTest">
        <test-method status="PASS" signature="sum()[pri:0, instance:mavenNewpkg.MavenNewPro.DemoTest@f381794]" name="sum" duration-ms="33" started-at="2020-09-09T11:03:07 IST" finished-at="2020-09-09T11:03:07 IST">
          <reporter-output>
          </reporter-output>
        </test-method> <!-- sum -->
      </class> <!-- mavenNewpkg.MavenNewPro.DemoTest -->
    </test> <!-- Default test -->
  </suite> <!-- Default suite -->
</testng-results>
